<?xml version="1.0" encoding="UTF-8"?>
<!-- Generated by org.testng.reporters.JUnitReportReporter -->
<testsuite skipped="0" hostname="Jeffreys-Mac-mini.local" name="com.example.BasicTestIT" tests="4" failures="0" timestamp="2021-01-24T22:45:35 GMT" time="13.426" errors="0">
  <testcase name="searchForBanana" time="1.783" classname="com.example.BasicTestIT"/>
  <system-out/>
  <testcase name="searchForCheese" time="1.811" classname="com.example.BasicTestIT"/>
  <system-out/>
  <testcase name="searchForMilk" time="2.050" classname="com.example.BasicTestIT"/>
  <system-out/>
  <testcase name="searchForApple" time="7.782" classname="com.example.BasicTestIT"/>
  <system-out/>
</testsuite> <!-- com.example.BasicTestIT -->
