<?xml version="1.0" encoding="UTF-8"?>
<!-- Generated by org.testng.reporters.JUnitReportReporter -->
<testsuite skipped="0" hostname="Jeffreys-Mac-mini.local" name="com.example.BasicTestIT" tests="4" failures="0" timestamp="2021-01-27T20:18:50 GMT" time="22.165" errors="0">
  <testcase name="searchForMilk" time="2.194" classname="com.example.BasicTestIT"/>
  <system-out/>
  <testcase name="searchForBanana" time="1.556" classname="com.example.BasicTestIT"/>
  <system-out/>
  <testcase name="searchForCheese" time="2.298" classname="com.example.BasicTestIT"/>
  <system-out/>
  <testcase name="searchForApple" time="16.117" classname="com.example.BasicTestIT"/>
  <system-out/>
</testsuite> <!-- com.example.BasicTestIT -->
