<?xml version="1.0" encoding="UTF-8"?>
<!-- Generated by org.testng.reporters.JUnitReportReporter -->
<testsuite skipped="0" hostname="Jeffreys-Mac-mini.local" name="com.example.BasicTestIT" tests="2" failures="0" timestamp="2021-01-24T21:41:30 GMT" time="23.712" errors="0">
  <testcase name="searchForCheese" time="11.920" classname="com.example.BasicTestIT"/>
  <system-out/>
  <testcase name="searchForMilk" time="11.792" classname="com.example.BasicTestIT"/>
  <system-out/>
</testsuite> <!-- com.example.BasicTestIT -->
