<?xml version="1.0" encoding="UTF-8"?>
<!-- Generated by org.testng.reporters.JUnitReportReporter -->
<testsuite skipped="0" hostname="Jeffreys-Mac-mini.local" name="com.example.BasicTestIT" tests="4" failures="0" timestamp="2021-01-27T16:36:42 GMT" time="18.606" errors="0">
  <testcase name="searchForBanana" time="1.303" classname="com.example.BasicTestIT"/>
  <system-out/>
  <testcase name="searchForCheese" time="1.213" classname="com.example.BasicTestIT"/>
  <system-out/>
  <testcase name="searchForMilk" time="1.362" classname="com.example.BasicTestIT"/>
  <system-out/>
  <testcase name="searchForApple" time="14.728" classname="com.example.BasicTestIT"/>
  <system-out/>
</testsuite> <!-- com.example.BasicTestIT -->
