<?xml version="1.0" encoding="UTF-8"?>
<!-- Generated by org.testng.reporters.JUnitReportReporter -->
<testsuite skipped="0" hostname="Jeffreys-Mac-mini.local" name="com.example.BasicTestIT" tests="4" failures="0" timestamp="2021-01-24T22:21:56 GMT" time="98.750" errors="0">
  <testcase name="searchForMilk" time="22.281" classname="com.example.BasicTestIT"/>
  <system-out/>
  <testcase name="searchForCheese" time="23.617" classname="com.example.BasicTestIT"/>
  <system-out/>
  <testcase name="searchForBanana" time="31.900" classname="com.example.BasicTestIT"/>
  <system-out/>
  <testcase name="searchForApple" time="20.952" classname="com.example.BasicTestIT"/>
  <system-out/>
</testsuite> <!-- com.example.BasicTestIT -->
